2025-07-03 06:04:04 [main] INFO  c.e.EmailCampaignApplication - Starting EmailCampaignApplication using Java 21.0.7 with PID 24492 (C:\Users\foulm\Downloads\ElBack\target\classes started by foulm in C:\Users\foulm\Downloads\ElBack)
2025-07-03 06:04:04 [main] DEBUG c.e.EmailCampaignApplication - Running with Spring Boot v3.2.3, Spring v6.1.4
2025-07-03 06:04:04 [main] INFO  c.e.EmailCampaignApplication - No active profile set, falling back to 1 default profile: "default"
2025-07-03 06:04:05 [main] INFO  o.s.d.r.c.RepositoryConfigurationDelegate - Bootstrapping Spring Data JPA repositories in DEFAULT mode.
2025-07-03 06:04:05 [main] INFO  o.s.d.r.c.RepositoryConfigurationDelegate - Finished Spring Data repository scanning in 69 ms. Found 7 JPA repository interfaces.
2025-07-03 06:04:06 [main] INFO  o.s.b.w.e.tomcat.TomcatWebServer - Tomcat initialized with port 8080 (http)
2025-07-03 06:04:06 [main] INFO  o.a.catalina.core.StandardService - Starting service [Tomcat]
2025-07-03 06:04:06 [main] INFO  o.a.catalina.core.StandardEngine - Starting Servlet engine: [Apache Tomcat/10.1.19]
2025-07-03 06:04:06 [main] INFO  o.a.c.c.C.[Tomcat].[localhost].[/] - Initializing Spring embedded WebApplicationContext
2025-07-03 06:04:06 [main] INFO  o.s.b.w.s.c.ServletWebServerApplicationContext - Root WebApplicationContext: initialization completed in 2873 ms
2025-07-03 06:04:07 [main] INFO  o.h.jpa.internal.util.LogHelper - HHH000204: Processing PersistenceUnitInfo [name: default]
2025-07-03 06:04:07 [main] INFO  org.hibernate.Version - HHH000412: Hibernate ORM core version 6.4.4.Final
2025-07-03 06:04:07 [main] INFO  o.h.c.i.RegionFactoryInitiator - HHH000026: Second-level cache disabled
2025-07-03 06:04:07 [main] INFO  o.s.o.j.p.SpringPersistenceUnitInfo - No LoadTimeWeaver setup: ignoring JPA class transformer
2025-07-03 06:04:07 [main] INFO  com.zaxxer.hikari.HikariDataSource - HikariPool-1 - Starting...
2025-07-03 06:04:08 [main] INFO  com.zaxxer.hikari.pool.HikariPool - HikariPool-1 - Added connection org.postgresql.jdbc.PgConnection@533d7c61
2025-07-03 06:04:08 [main] INFO  com.zaxxer.hikari.HikariDataSource - HikariPool-1 - Start completed.
2025-07-03 06:04:08 [main] WARN  org.hibernate.orm.deprecation - HHH90000025: PostgreSQLDialect does not need to be specified explicitly using 'hibernate.dialect' (remove the property setting and it will be selected by default)
2025-07-03 06:04:09 [main] INFO  o.h.e.t.j.p.i.JtaPlatformInitiator - HHH000489: No JTA platform available (set 'hibernate.transaction.jta.platform' to enable JTA platform integration)
2025-07-03 06:04:09 [main] INFO  o.s.o.j.LocalContainerEntityManagerFactoryBean - Initialized JPA EntityManagerFactory for persistence unit 'default'
2025-07-03 06:04:10 [main] INFO  o.s.d.j.r.query.QueryEnhancerFactory - Hibernate is in classpath; If applicable, HQL parser will be used.
2025-07-03 06:04:10 [main] DEBUG c.e.security.JwtAuthenticationFilter - Filter 'jwtAuthenticationFilter' configured for use
2025-07-03 06:04:11 [main] WARN  o.s.b.a.t.ThymeleafAutoConfiguration$DefaultTemplateResolverConfiguration - Cannot find template location: classpath:/templates/ (please add some templates, check your Thymeleaf configuration, or set spring.thymeleaf.check-template-location=false)
2025-07-03 06:04:11 [main] WARN  o.s.b.a.o.j.JpaBaseConfiguration$JpaWebConfiguration - spring.jpa.open-in-view is enabled by default. Therefore, database queries may be performed during view rendering. Explicitly configure spring.jpa.open-in-view to disable this warning
2025-07-03 06:04:12 [main] INFO  o.s.b.a.e.web.EndpointLinksResolver - Exposing 3 endpoint(s) beneath base path '/actuator'
2025-07-03 06:04:12 [main] INFO  o.s.s.web.DefaultSecurityFilterChain - Will secure any request with [org.springframework.security.web.session.DisableEncodeUrlFilter@44e31522, org.springframework.security.web.context.request.async.WebAsyncManagerIntegrationFilter@55a7c43, org.springframework.security.web.context.SecurityContextHolderFilter@f03dc9b, org.springframework.security.web.header.HeaderWriterFilter@67954442, org.springframework.web.filter.CorsFilter@3851c572, org.springframework.security.web.authentication.logout.LogoutFilter@8dc73c7, com.emailcampaign.security.JwtAuthenticationFilter@40406a3f, org.springframework.security.web.savedrequest.RequestCacheAwareFilter@5ada5fd3, org.springframework.security.web.servletapi.SecurityContextHolderAwareRequestFilter@3b58d05f, org.springframework.security.web.authentication.AnonymousAuthenticationFilter@a0b8f79, org.springframework.security.web.session.SessionManagementFilter@772ccecf, org.springframework.security.web.access.ExceptionTranslationFilter@5c8b6b4d, org.springframework.security.web.access.intercept.AuthorizationFilter@79c0e385]
2025-07-03 06:04:13 [main] INFO  o.s.b.w.e.tomcat.TomcatWebServer - Tomcat started on port 8080 (http) with context path ''
2025-07-03 06:04:13 [main] INFO  c.e.EmailCampaignApplication - Started EmailCampaignApplication in 9.777 seconds (process running for 10.788)
2025-07-03 06:04:13 [scheduling-1] DEBUG c.e.service.AnalyticsService - Running scheduled analytics update
2025-07-03 06:04:13 [RMI TCP Connection(2)-192.168.0.183] INFO  o.a.c.c.C.[Tomcat].[localhost].[/] - Initializing Spring DispatcherServlet 'dispatcherServlet'
2025-07-03 06:04:13 [RMI TCP Connection(2)-192.168.0.183] INFO  o.s.web.servlet.DispatcherServlet - Initializing Servlet 'dispatcherServlet'
2025-07-03 06:04:13 [RMI TCP Connection(2)-192.168.0.183] INFO  o.s.web.servlet.DispatcherServlet - Completed initialization in 2 ms
2025-07-03 06:04:21 [http-nio-8080-exec-1] DEBUG o.s.security.web.FilterChainProxy - Securing OPTIONS /api/auth/login
2025-07-03 06:04:21 [http-nio-8080-exec-2] DEBUG o.s.security.web.FilterChainProxy - Securing POST /api/auth/login
2025-07-03 06:04:21 [http-nio-8080-exec-2] DEBUG o.s.s.w.a.AnonymousAuthenticationFilter - Set SecurityContextHolder to anonymous SecurityContext
2025-07-03 06:04:21 [http-nio-8080-exec-2] DEBUG o.s.security.web.FilterChainProxy - Secured POST /api/auth/login
2025-07-03 06:04:22 [http-nio-8080-exec-2] DEBUG o.s.s.a.d.DaoAuthenticationProvider - Authenticated user
2025-07-03 06:04:22 [http-nio-8080-exec-2] INFO  c.e.service.SystemLogService - User action logged: khalil.agrebi02@gmail.com - USER_LOGIN - User logged in successfully
2025-07-03 06:04:22 [http-nio-8080-exec-5] DEBUG o.s.security.web.FilterChainProxy - Securing OPTIONS /api/analytics/dashboard
2025-07-03 06:04:22 [http-nio-8080-exec-7] DEBUG o.s.security.web.FilterChainProxy - Securing GET /api/analytics/dashboard
2025-07-03 06:04:22 [http-nio-8080-exec-7] DEBUG o.s.security.web.FilterChainProxy - Secured GET /api/analytics/dashboard
2025-07-03 06:04:55 [http-nio-8080-exec-6] DEBUG o.s.security.web.FilterChainProxy - Securing OPTIONS /api/campaigns
2025-07-03 06:04:55 [http-nio-8080-exec-4] DEBUG o.s.security.web.FilterChainProxy - Securing GET /api/campaigns
2025-07-03 06:04:55 [http-nio-8080-exec-4] DEBUG o.s.security.web.FilterChainProxy - Secured GET /api/campaigns
2025-07-03 06:05:08 [http-nio-8080-exec-3] DEBUG o.s.security.web.FilterChainProxy - Securing OPTIONS /api/campaigns
2025-07-03 06:05:08 [http-nio-8080-exec-8] DEBUG o.s.security.web.FilterChainProxy - Securing GET /api/campaigns
2025-07-03 06:05:08 [http-nio-8080-exec-8] DEBUG o.s.security.web.FilterChainProxy - Secured GET /api/campaigns
2025-07-03 06:09:13 [scheduling-1] DEBUG c.e.service.AnalyticsService - Running scheduled analytics update
2025-07-03 06:14:13 [scheduling-1] DEBUG c.e.service.AnalyticsService - Running scheduled analytics update
2025-07-03 06:19:13 [scheduling-1] DEBUG c.e.service.AnalyticsService - Running scheduled analytics update
2025-07-03 06:24:13 [scheduling-1] DEBUG c.e.service.AnalyticsService - Running scheduled analytics update
2025-07-03 06:29:13 [scheduling-1] DEBUG c.e.service.AnalyticsService - Running scheduled analytics update
2025-07-03 06:34:13 [scheduling-1] DEBUG c.e.service.AnalyticsService - Running scheduled analytics update
2025-07-03 06:39:13 [scheduling-1] DEBUG c.e.service.AnalyticsService - Running scheduled analytics update
2025-07-03 06:44:13 [scheduling-1] DEBUG c.e.service.AnalyticsService - Running scheduled analytics update
2025-07-03 06:47:28 [SpringApplicationShutdownHook] INFO  o.s.o.j.LocalContainerEntityManagerFactoryBean - Closing JPA EntityManagerFactory for persistence unit 'default'
2025-07-03 06:47:28 [SpringApplicationShutdownHook] INFO  com.zaxxer.hikari.HikariDataSource - HikariPool-1 - Shutdown initiated...
2025-07-03 06:47:28 [SpringApplicationShutdownHook] INFO  com.zaxxer.hikari.HikariDataSource - HikariPool-1 - Shutdown completed.
2025-07-03 06:47:36 [main] INFO  c.e.EmailCampaignApplication - Starting EmailCampaignApplication using Java 21.0.7 with PID 28920 (C:\Users\foulm\Downloads\ElBack\target\classes started by foulm in C:\Users\foulm\Downloads\ElBack)
2025-07-03 06:47:36 [main] DEBUG c.e.EmailCampaignApplication - Running with Spring Boot v3.2.3, Spring v6.1.4
2025-07-03 06:47:36 [main] INFO  c.e.EmailCampaignApplication - No active profile set, falling back to 1 default profile: "default"
2025-07-03 06:47:37 [main] INFO  o.s.d.r.c.RepositoryConfigurationDelegate - Bootstrapping Spring Data JPA repositories in DEFAULT mode.
2025-07-03 06:47:37 [main] INFO  o.s.d.r.c.RepositoryConfigurationDelegate - Finished Spring Data repository scanning in 87 ms. Found 7 JPA repository interfaces.
2025-07-03 06:47:38 [main] INFO  o.s.b.w.e.tomcat.TomcatWebServer - Tomcat initialized with port 8080 (http)
2025-07-03 06:47:38 [main] INFO  o.a.catalina.core.StandardService - Starting service [Tomcat]
2025-07-03 06:47:38 [main] INFO  o.a.catalina.core.StandardEngine - Starting Servlet engine: [Apache Tomcat/10.1.19]
2025-07-03 06:47:38 [main] INFO  o.a.c.c.C.[Tomcat].[localhost].[/] - Initializing Spring embedded WebApplicationContext
2025-07-03 06:47:38 [main] INFO  o.s.b.w.s.c.ServletWebServerApplicationContext - Root WebApplicationContext: initialization completed in 2239 ms
2025-07-03 06:47:39 [main] INFO  o.h.jpa.internal.util.LogHelper - HHH000204: Processing PersistenceUnitInfo [name: default]
2025-07-03 06:47:39 [main] INFO  org.hibernate.Version - HHH000412: Hibernate ORM core version 6.4.4.Final
2025-07-03 06:47:39 [main] INFO  o.h.c.i.RegionFactoryInitiator - HHH000026: Second-level cache disabled
2025-07-03 06:47:39 [main] INFO  o.s.o.j.p.SpringPersistenceUnitInfo - No LoadTimeWeaver setup: ignoring JPA class transformer
2025-07-03 06:47:39 [main] INFO  com.zaxxer.hikari.HikariDataSource - HikariPool-1 - Starting...
2025-07-03 06:47:39 [main] INFO  com.zaxxer.hikari.pool.HikariPool - HikariPool-1 - Added connection org.postgresql.jdbc.PgConnection@6ca367aa
2025-07-03 06:47:39 [main] INFO  com.zaxxer.hikari.HikariDataSource - HikariPool-1 - Start completed.
2025-07-03 06:47:39 [main] WARN  org.hibernate.orm.deprecation - HHH90000025: PostgreSQLDialect does not need to be specified explicitly using 'hibernate.dialect' (remove the property setting and it will be selected by default)
2025-07-03 06:47:40 [main] INFO  o.h.e.t.j.p.i.JtaPlatformInitiator - HHH000489: No JTA platform available (set 'hibernate.transaction.jta.platform' to enable JTA platform integration)
2025-07-03 06:47:41 [main] INFO  o.s.o.j.LocalContainerEntityManagerFactoryBean - Initialized JPA EntityManagerFactory for persistence unit 'default'
2025-07-03 06:47:41 [main] INFO  o.s.d.j.r.query.QueryEnhancerFactory - Hibernate is in classpath; If applicable, HQL parser will be used.
2025-07-03 06:47:41 [main] DEBUG c.e.security.JwtAuthenticationFilter - Filter 'jwtAuthenticationFilter' configured for use
2025-07-03 06:47:42 [main] WARN  o.s.b.a.t.ThymeleafAutoConfiguration$DefaultTemplateResolverConfiguration - Cannot find template location: classpath:/templates/ (please add some templates, check your Thymeleaf configuration, or set spring.thymeleaf.check-template-location=false)
2025-07-03 06:47:42 [main] WARN  o.s.b.a.o.j.JpaBaseConfiguration$JpaWebConfiguration - spring.jpa.open-in-view is enabled by default. Therefore, database queries may be performed during view rendering. Explicitly configure spring.jpa.open-in-view to disable this warning
2025-07-03 06:47:43 [main] INFO  o.s.b.a.e.web.EndpointLinksResolver - Exposing 3 endpoint(s) beneath base path '/actuator'
2025-07-03 06:47:43 [main] INFO  o.s.s.web.DefaultSecurityFilterChain - Will secure any request with [org.springframework.security.web.session.DisableEncodeUrlFilter@68ba2801, org.springframework.security.web.context.request.async.WebAsyncManagerIntegrationFilter@6b861a26, org.springframework.security.web.context.SecurityContextHolderFilter@4aa8504f, org.springframework.security.web.header.HeaderWriterFilter@56418318, org.springframework.web.filter.CorsFilter@3db32d5, org.springframework.security.web.authentication.logout.LogoutFilter@14221dc6, com.emailcampaign.security.JwtAuthenticationFilter@c92d694, org.springframework.security.web.savedrequest.RequestCacheAwareFilter@7e5383d1, org.springframework.security.web.servletapi.SecurityContextHolderAwareRequestFilter@53bd2b00, org.springframework.security.web.authentication.AnonymousAuthenticationFilter@2f41798d, org.springframework.security.web.session.SessionManagementFilter@548bdfda, org.springframework.security.web.access.ExceptionTranslationFilter@4b969bd9, org.springframework.security.web.access.intercept.AuthorizationFilter@1c179a3e]
2025-07-03 06:47:45 [main] INFO  o.s.b.w.e.tomcat.TomcatWebServer - Tomcat started on port 8080 (http) with context path ''
2025-07-03 06:47:45 [main] INFO  c.e.EmailCampaignApplication - Started EmailCampaignApplication in 9.903 seconds (process running for 10.52)
2025-07-03 06:47:45 [scheduling-1] DEBUG c.e.service.AnalyticsService - Running scheduled analytics update
2025-07-03 06:47:46 [RMI TCP Connection(1)-192.168.0.183] INFO  o.a.c.c.C.[Tomcat].[localhost].[/] - Initializing Spring DispatcherServlet 'dispatcherServlet'
2025-07-03 06:47:46 [RMI TCP Connection(1)-192.168.0.183] INFO  o.s.web.servlet.DispatcherServlet - Initializing Servlet 'dispatcherServlet'
2025-07-03 06:47:46 [RMI TCP Connection(1)-192.168.0.183] INFO  o.s.web.servlet.DispatcherServlet - Completed initialization in 4 ms
2025-07-03 06:49:00 [http-nio-8080-exec-1] DEBUG o.s.security.web.FilterChainProxy - Securing OPTIONS /api/auth/login
2025-07-03 06:49:00 [http-nio-8080-exec-2] DEBUG o.s.security.web.FilterChainProxy - Securing POST /api/auth/login
2025-07-03 06:49:00 [http-nio-8080-exec-2] DEBUG o.s.s.w.a.AnonymousAuthenticationFilter - Set SecurityContextHolder to anonymous SecurityContext
2025-07-03 06:49:00 [http-nio-8080-exec-2] DEBUG o.s.security.web.FilterChainProxy - Secured POST /api/auth/login
2025-07-03 06:49:01 [http-nio-8080-exec-2] DEBUG o.s.s.a.d.DaoAuthenticationProvider - Authenticated user
2025-07-03 06:49:01 [http-nio-8080-exec-2] INFO  c.e.service.SystemLogService - User action logged: khalil.agrebi02@gmail.com - USER_LOGIN - User logged in successfully
2025-07-03 06:49:14 [http-nio-8080-exec-3] DEBUG o.s.security.web.FilterChainProxy - Securing GET /
2025-07-03 06:49:14 [http-nio-8080-exec-3] DEBUG o.s.s.w.a.AnonymousAuthenticationFilter - Set SecurityContextHolder to anonymous SecurityContext
2025-07-03 06:49:14 [http-nio-8080-exec-3] DEBUG o.s.security.web.FilterChainProxy - Secured GET /
2025-07-03 06:49:14 [http-nio-8080-exec-4] DEBUG o.s.security.web.FilterChainProxy - Securing GET /favicon.ico
2025-07-03 06:49:14 [http-nio-8080-exec-4] DEBUG o.s.s.w.a.AnonymousAuthenticationFilter - Set SecurityContextHolder to anonymous SecurityContext
2025-07-03 06:49:14 [http-nio-8080-exec-4] DEBUG o.s.s.w.a.Http403ForbiddenEntryPoint - Pre-authenticated entry point called. Rejecting access
2025-07-03 06:49:14 [http-nio-8080-exec-4] DEBUG o.s.security.web.FilterChainProxy - Securing GET /error
2025-07-03 06:49:14 [http-nio-8080-exec-4] DEBUG o.s.s.w.a.AnonymousAuthenticationFilter - Set SecurityContextHolder to anonymous SecurityContext
2025-07-03 06:49:14 [http-nio-8080-exec-4] DEBUG o.s.s.w.a.Http403ForbiddenEntryPoint - Pre-authenticated entry point called. Rejecting access
2025-07-03 06:49:57 [http-nio-8080-exec-5] DEBUG o.s.security.web.FilterChainProxy - Securing OPTIONS /api/auth/login
2025-07-03 06:49:57 [http-nio-8080-exec-6] DEBUG o.s.security.web.FilterChainProxy - Securing POST /api/auth/login
2025-07-03 06:49:57 [http-nio-8080-exec-6] DEBUG o.s.s.w.a.AnonymousAuthenticationFilter - Set SecurityContextHolder to anonymous SecurityContext
2025-07-03 06:49:57 [http-nio-8080-exec-6] DEBUG o.s.security.web.FilterChainProxy - Secured POST /api/auth/login
2025-07-03 06:49:57 [http-nio-8080-exec-6] DEBUG o.s.s.a.d.DaoAuthenticationProvider - Authenticated user
2025-07-03 06:49:57 [http-nio-8080-exec-6] INFO  c.e.service.SystemLogService - User action logged: khalil.agrebi02@gmail.com - USER_LOGIN - User logged in successfully
2025-07-03 06:50:11 [http-nio-8080-exec-7] DEBUG o.s.security.web.FilterChainProxy - Securing OPTIONS /api/campaigns
2025-07-03 06:50:11 [http-nio-8080-exec-8] DEBUG o.s.security.web.FilterChainProxy - Securing GET /api/campaigns
2025-07-03 06:50:11 [http-nio-8080-exec-8] DEBUG o.s.security.web.FilterChainProxy - Secured GET /api/campaigns
2025-07-03 06:50:19 [http-nio-8080-exec-1] DEBUG o.s.security.web.FilterChainProxy - Securing OPTIONS /api/auth/login
2025-07-03 06:50:19 [http-nio-8080-exec-2] DEBUG o.s.security.web.FilterChainProxy - Securing POST /api/auth/login
2025-07-03 06:50:19 [http-nio-8080-exec-2] DEBUG o.s.s.w.a.AnonymousAuthenticationFilter - Set SecurityContextHolder to anonymous SecurityContext
2025-07-03 06:50:19 [http-nio-8080-exec-2] DEBUG o.s.security.web.FilterChainProxy - Secured POST /api/auth/login
2025-07-03 06:50:20 [http-nio-8080-exec-2] DEBUG o.s.s.a.d.DaoAuthenticationProvider - Authenticated user
2025-07-03 06:50:20 [http-nio-8080-exec-2] INFO  c.e.service.SystemLogService - User action logged: khalil.agrebi02@gmail.com - USER_LOGIN - User logged in successfully
2025-07-03 06:50:56 [http-nio-8080-exec-3] DEBUG o.s.security.web.FilterChainProxy - Securing OPTIONS /api/campaigns
2025-07-03 06:50:56 [http-nio-8080-exec-4] DEBUG o.s.security.web.FilterChainProxy - Securing POST /api/campaigns
2025-07-03 06:50:56 [http-nio-8080-exec-4] DEBUG o.s.security.web.FilterChainProxy - Secured POST /api/campaigns
2025-07-03 06:50:56 [http-nio-8080-exec-4] INFO  c.e.service.SystemLogService - User action logged: khalil.agrebi02@gmail.com - CAMPAIGN_CREATED - Campaign created: sddsd
2025-07-03 06:50:56 [http-nio-8080-exec-4] INFO  c.e.service.CampaignService - Campaign created: sddsd by user: khalil.agrebi02@gmail.com
2025-07-03 06:50:56 [http-nio-8080-exec-5] DEBUG o.s.security.web.FilterChainProxy - Securing OPTIONS /api/campaigns/15/send
2025-07-03 06:50:56 [http-nio-8080-exec-6] DEBUG o.s.security.web.FilterChainProxy - Securing POST /api/campaigns/15/send
2025-07-03 06:50:56 [http-nio-8080-exec-6] DEBUG o.s.security.web.FilterChainProxy - Secured POST /api/campaigns/15/send
2025-07-03 06:50:56 [task-1] INFO  c.emailcampaign.service.EmailService - Starting to send campaign: sddsd
2025-07-03 06:50:56 [http-nio-8080-exec-6] INFO  c.e.service.SystemLogService - User action logged: khalil.agrebi02@gmail.com - CAMPAIGN_SENT - Campaign sent: sddsd
2025-07-03 06:50:56 [http-nio-8080-exec-6] INFO  c.e.service.CampaignService - Campaign sent: sddsd by user: khalil.agrebi02@gmail.com
2025-07-03 06:50:58 [task-1] DEBUG c.emailcampaign.service.EmailService - Email sent to khalil.agrebi02@gmail.com for campaign sddsd
2025-07-03 06:50:58 [task-1] INFO  c.emailcampaign.service.EmailService - Campaign sddsd completed. Sent: 1, Failed: 0
2025-07-03 06:52:45 [scheduling-1] DEBUG c.e.service.AnalyticsService - Running scheduled analytics update
2025-07-03 06:55:52 [SpringApplicationShutdownHook] INFO  o.s.o.j.LocalContainerEntityManagerFactoryBean - Closing JPA EntityManagerFactory for persistence unit 'default'
2025-07-03 06:55:52 [SpringApplicationShutdownHook] INFO  com.zaxxer.hikari.HikariDataSource - HikariPool-1 - Shutdown initiated...
2025-07-03 06:55:52 [SpringApplicationShutdownHook] INFO  com.zaxxer.hikari.HikariDataSource - HikariPool-1 - Shutdown completed.
2025-07-03 06:55:56 [main] INFO  c.e.EmailCampaignApplication - Starting EmailCampaignApplication using Java 21.0.7 with PID 18460 (C:\Users\foulm\Downloads\ElBack\target\classes started by foulm in C:\Users\foulm\Downloads\ElBack)
2025-07-03 06:55:56 [main] DEBUG c.e.EmailCampaignApplication - Running with Spring Boot v3.2.3, Spring v6.1.4
2025-07-03 06:55:56 [main] INFO  c.e.EmailCampaignApplication - No active profile set, falling back to 1 default profile: "default"
2025-07-03 06:55:57 [main] INFO  o.s.d.r.c.RepositoryConfigurationDelegate - Bootstrapping Spring Data JPA repositories in DEFAULT mode.
2025-07-03 06:55:57 [main] INFO  o.s.d.r.c.RepositoryConfigurationDelegate - Finished Spring Data repository scanning in 53 ms. Found 7 JPA repository interfaces.
2025-07-03 06:55:58 [main] INFO  o.s.b.w.e.tomcat.TomcatWebServer - Tomcat initialized with port 8080 (http)
2025-07-03 06:55:58 [main] INFO  o.a.catalina.core.StandardService - Starting service [Tomcat]
2025-07-03 06:55:58 [main] INFO  o.a.catalina.core.StandardEngine - Starting Servlet engine: [Apache Tomcat/10.1.19]
2025-07-03 06:55:58 [main] INFO  o.a.c.c.C.[Tomcat].[localhost].[/] - Initializing Spring embedded WebApplicationContext
2025-07-03 06:55:58 [main] INFO  o.s.b.w.s.c.ServletWebServerApplicationContext - Root WebApplicationContext: initialization completed in 2386 ms
2025-07-03 06:55:59 [main] INFO  o.h.jpa.internal.util.LogHelper - HHH000204: Processing PersistenceUnitInfo [name: default]
2025-07-03 06:55:59 [main] INFO  org.hibernate.Version - HHH000412: Hibernate ORM core version 6.4.4.Final
2025-07-03 06:55:59 [main] INFO  o.h.c.i.RegionFactoryInitiator - HHH000026: Second-level cache disabled
2025-07-03 06:55:59 [main] INFO  o.s.o.j.p.SpringPersistenceUnitInfo - No LoadTimeWeaver setup: ignoring JPA class transformer
2025-07-03 06:55:59 [main] INFO  com.zaxxer.hikari.HikariDataSource - HikariPool-1 - Starting...
2025-07-03 06:55:59 [main] INFO  com.zaxxer.hikari.pool.HikariPool - HikariPool-1 - Added connection org.postgresql.jdbc.PgConnection@1700d089
2025-07-03 06:55:59 [main] INFO  com.zaxxer.hikari.HikariDataSource - HikariPool-1 - Start completed.
2025-07-03 06:55:59 [main] WARN  org.hibernate.orm.deprecation - HHH90000025: PostgreSQLDialect does not need to be specified explicitly using 'hibernate.dialect' (remove the property setting and it will be selected by default)
2025-07-03 06:56:00 [main] INFO  o.h.e.t.j.p.i.JtaPlatformInitiator - HHH000489: No JTA platform available (set 'hibernate.transaction.jta.platform' to enable JTA platform integration)
2025-07-03 06:56:01 [main] INFO  o.s.o.j.LocalContainerEntityManagerFactoryBean - Initialized JPA EntityManagerFactory for persistence unit 'default'
2025-07-03 06:56:01 [main] INFO  o.s.d.j.r.query.QueryEnhancerFactory - Hibernate is in classpath; If applicable, HQL parser will be used.
2025-07-03 06:56:02 [main] DEBUG c.e.security.JwtAuthenticationFilter - Filter 'jwtAuthenticationFilter' configured for use
2025-07-03 06:56:02 [main] WARN  o.s.b.a.t.ThymeleafAutoConfiguration$DefaultTemplateResolverConfiguration - Cannot find template location: classpath:/templates/ (please add some templates, check your Thymeleaf configuration, or set spring.thymeleaf.check-template-location=false)
2025-07-03 06:56:02 [main] WARN  o.s.b.a.o.j.JpaBaseConfiguration$JpaWebConfiguration - spring.jpa.open-in-view is enabled by default. Therefore, database queries may be performed during view rendering. Explicitly configure spring.jpa.open-in-view to disable this warning
2025-07-03 06:56:03 [main] INFO  o.s.b.a.e.web.EndpointLinksResolver - Exposing 3 endpoint(s) beneath base path '/actuator'
2025-07-03 06:56:03 [main] INFO  o.s.s.web.DefaultSecurityFilterChain - Will secure any request with [org.springframework.security.web.session.DisableEncodeUrlFilter@773e8030, org.springframework.security.web.context.request.async.WebAsyncManagerIntegrationFilter@64718893, org.springframework.security.web.context.SecurityContextHolderFilter@67954442, org.springframework.security.web.header.HeaderWriterFilter@44c1ce5a, org.springframework.web.filter.CorsFilter@485c8d5e, org.springframework.security.web.authentication.logout.LogoutFilter@2613a6fc, com.emailcampaign.security.JwtAuthenticationFilter@bcf8bd7, org.springframework.security.web.savedrequest.RequestCacheAwareFilter@7d2aa0c, org.springframework.security.web.servletapi.SecurityContextHolderAwareRequestFilter@7e5383d1, org.springframework.security.web.authentication.AnonymousAuthenticationFilter@68ba2801, org.springframework.security.web.session.SessionManagementFilter@7abc82fa, org.springframework.security.web.access.ExceptionTranslationFilter@6283ac9, org.springframework.security.web.access.intercept.AuthorizationFilter@8dc73c7]
2025-07-03 06:56:04 [main] INFO  o.s.b.w.e.tomcat.TomcatWebServer - Tomcat started on port 8080 (http) with context path ''
2025-07-03 06:56:04 [main] INFO  c.e.EmailCampaignApplication - Started EmailCampaignApplication in 8.279 seconds (process running for 8.763)
2025-07-03 06:56:04 [scheduling-1] DEBUG c.e.service.AnalyticsService - Running scheduled analytics update
2025-07-03 06:56:04 [RMI TCP Connection(3)-192.168.0.183] INFO  o.a.c.c.C.[Tomcat].[localhost].[/] - Initializing Spring DispatcherServlet 'dispatcherServlet'
2025-07-03 06:56:04 [RMI TCP Connection(3)-192.168.0.183] INFO  o.s.web.servlet.DispatcherServlet - Initializing Servlet 'dispatcherServlet'
2025-07-03 06:56:04 [RMI TCP Connection(3)-192.168.0.183] INFO  o.s.web.servlet.DispatcherServlet - Completed initialization in 3 ms
2025-07-03 06:56:37 [http-nio-8080-exec-1] DEBUG o.s.security.web.FilterChainProxy - Securing OPTIONS /api/auth/login
2025-07-03 06:56:37 [http-nio-8080-exec-4] DEBUG o.s.security.web.FilterChainProxy - Securing POST /api/auth/login
2025-07-03 06:56:37 [http-nio-8080-exec-4] DEBUG o.s.s.w.a.AnonymousAuthenticationFilter - Set SecurityContextHolder to anonymous SecurityContext
2025-07-03 06:56:37 [http-nio-8080-exec-4] DEBUG o.s.security.web.FilterChainProxy - Secured POST /api/auth/login
2025-07-03 06:56:37 [http-nio-8080-exec-4] DEBUG o.s.s.a.d.DaoAuthenticationProvider - Authenticated user
2025-07-03 06:56:37 [http-nio-8080-exec-4] INFO  c.e.service.SystemLogService - User action logged: khalil.agrebi02@gmail.com - USER_LOGIN - User logged in successfully
2025-07-03 06:56:41 [http-nio-8080-exec-8] DEBUG o.s.security.web.FilterChainProxy - Securing OPTIONS /api/campaigns
2025-07-03 06:56:41 [http-nio-8080-exec-2] DEBUG o.s.security.web.FilterChainProxy - Securing GET /api/campaigns
2025-07-03 06:56:41 [http-nio-8080-exec-2] DEBUG o.s.security.web.FilterChainProxy - Secured GET /api/campaigns
2025-07-03 06:57:06 [http-nio-8080-exec-5] DEBUG o.s.security.web.FilterChainProxy - Securing OPTIONS /api/campaigns
2025-07-03 06:57:06 [http-nio-8080-exec-6] DEBUG o.s.security.web.FilterChainProxy - Securing POST /api/campaigns
2025-07-03 06:57:06 [http-nio-8080-exec-6] DEBUG o.s.security.web.FilterChainProxy - Secured POST /api/campaigns
2025-07-03 06:57:06 [http-nio-8080-exec-6] INFO  c.e.service.SystemLogService - User action logged: khalil.agrebi02@gmail.com - CAMPAIGN_CREATED - Campaign created: trackingpixel test 1 
2025-07-03 06:57:06 [http-nio-8080-exec-6] INFO  c.e.service.CampaignService - Campaign created: trackingpixel test 1  by user: khalil.agrebi02@gmail.com
2025-07-03 06:57:06 [http-nio-8080-exec-7] DEBUG o.s.security.web.FilterChainProxy - Securing OPTIONS /api/campaigns/16/send
2025-07-03 06:57:06 [http-nio-8080-exec-3] DEBUG o.s.security.web.FilterChainProxy - Securing POST /api/campaigns/16/send
2025-07-03 06:57:06 [http-nio-8080-exec-3] DEBUG o.s.security.web.FilterChainProxy - Secured POST /api/campaigns/16/send
2025-07-03 06:57:06 [task-1] INFO  c.emailcampaign.service.EmailService - Starting to send campaign: trackingpixel test 1 
2025-07-03 06:57:06 [http-nio-8080-exec-3] INFO  c.e.service.SystemLogService - User action logged: khalil.agrebi02@gmail.com - CAMPAIGN_SENT - Campaign sent: trackingpixel test 1 
2025-07-03 06:57:06 [http-nio-8080-exec-3] INFO  c.e.service.CampaignService - Campaign sent: trackingpixel test 1  by user: khalil.agrebi02@gmail.com
2025-07-03 06:57:08 [task-1] DEBUG c.emailcampaign.service.EmailService - Email sent to khalil.agrebi02@gmail.com for campaign trackingpixel test 1 
2025-07-03 06:57:08 [task-1] INFO  c.emailcampaign.service.EmailService - Campaign trackingpixel test 1  completed. Sent: 1, Failed: 0
2025-07-03 07:01:04 [scheduling-1] DEBUG c.e.service.AnalyticsService - Running scheduled analytics update
2025-07-03 07:01:13 [http-nio-8080-exec-10] DEBUG o.s.security.web.FilterChainProxy - Securing GET /
2025-07-03 07:01:13 [http-nio-8080-exec-10] DEBUG o.s.s.w.a.AnonymousAuthenticationFilter - Set SecurityContextHolder to anonymous SecurityContext
2025-07-03 07:01:13 [http-nio-8080-exec-10] DEBUG o.s.security.web.FilterChainProxy - Secured GET /
2025-07-03 07:01:13 [http-nio-8080-exec-1] DEBUG o.s.security.web.FilterChainProxy - Securing GET /favicon.ico
2025-07-03 07:01:13 [http-nio-8080-exec-1] DEBUG o.s.s.w.a.AnonymousAuthenticationFilter - Set SecurityContextHolder to anonymous SecurityContext
2025-07-03 07:01:13 [http-nio-8080-exec-1] DEBUG o.s.s.w.a.Http403ForbiddenEntryPoint - Pre-authenticated entry point called. Rejecting access
2025-07-03 07:01:13 [http-nio-8080-exec-1] DEBUG o.s.security.web.FilterChainProxy - Securing GET /error
2025-07-03 07:01:13 [http-nio-8080-exec-1] DEBUG o.s.s.w.a.AnonymousAuthenticationFilter - Set SecurityContextHolder to anonymous SecurityContext
2025-07-03 07:01:13 [http-nio-8080-exec-1] DEBUG o.s.s.w.a.Http403ForbiddenEntryPoint - Pre-authenticated entry point called. Rejecting access
2025-07-03 07:04:41 [http-nio-8080-exec-8] DEBUG o.s.security.web.FilterChainProxy - Securing GET /swagger-ui/index.html?continue=
2025-07-03 07:04:41 [http-nio-8080-exec-8] DEBUG o.s.s.w.a.AnonymousAuthenticationFilter - Set SecurityContextHolder to anonymous SecurityContext
2025-07-03 07:04:41 [http-nio-8080-exec-8] DEBUG o.s.security.web.FilterChainProxy - Secured GET /swagger-ui/index.html?continue=
2025-07-03 07:04:42 [http-nio-8080-exec-2] DEBUG o.s.security.web.FilterChainProxy - Securing GET /swagger-ui/swagger-ui.css
2025-07-03 07:04:42 [http-nio-8080-exec-5] DEBUG o.s.security.web.FilterChainProxy - Securing GET /swagger-ui/index.css
2025-07-03 07:04:42 [http-nio-8080-exec-6] DEBUG o.s.security.web.FilterChainProxy - Securing GET /swagger-ui/swagger-ui-bundle.js
2025-07-03 07:04:42 [http-nio-8080-exec-7] DEBUG o.s.security.web.FilterChainProxy - Securing GET /swagger-ui/swagger-ui-standalone-preset.js
2025-07-03 07:04:42 [http-nio-8080-exec-5] DEBUG o.s.s.w.a.AnonymousAuthenticationFilter - Set SecurityContextHolder to anonymous SecurityContext
2025-07-03 07:04:42 [http-nio-8080-exec-2] DEBUG o.s.s.w.a.AnonymousAuthenticationFilter - Set SecurityContextHolder to anonymous SecurityContext
2025-07-03 07:04:42 [http-nio-8080-exec-6] DEBUG o.s.s.w.a.AnonymousAuthenticationFilter - Set SecurityContextHolder to anonymous SecurityContext
2025-07-03 07:04:42 [http-nio-8080-exec-3] DEBUG o.s.security.web.FilterChainProxy - Securing GET /swagger-ui/swagger-initializer.js
2025-07-03 07:04:42 [http-nio-8080-exec-2] DEBUG o.s.security.web.FilterChainProxy - Secured GET /swagger-ui/swagger-ui.css
2025-07-03 07:04:42 [http-nio-8080-exec-3] DEBUG o.s.s.w.a.AnonymousAuthenticationFilter - Set SecurityContextHolder to anonymous SecurityContext
2025-07-03 07:04:42 [http-nio-8080-exec-3] DEBUG o.s.security.web.FilterChainProxy - Secured GET /swagger-ui/swagger-initializer.js
2025-07-03 07:04:42 [http-nio-8080-exec-7] DEBUG o.s.s.w.a.AnonymousAuthenticationFilter - Set SecurityContextHolder to anonymous SecurityContext
2025-07-03 07:04:42 [http-nio-8080-exec-7] DEBUG o.s.security.web.FilterChainProxy - Secured GET /swagger-ui/swagger-ui-standalone-preset.js
2025-07-03 07:04:42 [http-nio-8080-exec-5] DEBUG o.s.security.web.FilterChainProxy - Secured GET /swagger-ui/index.css
2025-07-03 07:04:42 [http-nio-8080-exec-6] DEBUG o.s.security.web.FilterChainProxy - Secured GET /swagger-ui/swagger-ui-bundle.js
2025-07-03 07:04:42 [http-nio-8080-exec-9] DEBUG o.s.security.web.FilterChainProxy - Securing GET /api-docs/swagger-config
2025-07-03 07:04:42 [http-nio-8080-exec-9] DEBUG o.s.s.w.a.AnonymousAuthenticationFilter - Set SecurityContextHolder to anonymous SecurityContext
2025-07-03 07:04:42 [http-nio-8080-exec-9] DEBUG o.s.s.w.a.Http403ForbiddenEntryPoint - Pre-authenticated entry point called. Rejecting access
2025-07-03 07:04:42 [http-nio-8080-exec-9] DEBUG o.s.security.web.FilterChainProxy - Securing GET /error
2025-07-03 07:04:42 [http-nio-8080-exec-9] DEBUG o.s.s.w.a.AnonymousAuthenticationFilter - Set SecurityContextHolder to anonymous SecurityContext
2025-07-03 07:04:42 [http-nio-8080-exec-9] DEBUG o.s.s.w.a.Http403ForbiddenEntryPoint - Pre-authenticated entry point called. Rejecting access
2025-07-03 07:04:49 [http-nio-8080-exec-10] DEBUG o.s.security.web.FilterChainProxy - Securing GET /swagger-ui
2025-07-03 07:04:49 [http-nio-8080-exec-10] DEBUG o.s.s.w.a.AnonymousAuthenticationFilter - Set SecurityContextHolder to anonymous SecurityContext
2025-07-03 07:04:49 [http-nio-8080-exec-10] DEBUG o.s.security.web.FilterChainProxy - Secured GET /swagger-ui
2025-07-03 07:04:49 [http-nio-8080-exec-10] DEBUG o.s.security.web.FilterChainProxy - Securing GET /error
2025-07-03 07:04:49 [http-nio-8080-exec-10] DEBUG o.s.s.w.a.AnonymousAuthenticationFilter - Set SecurityContextHolder to anonymous SecurityContext
2025-07-03 07:04:49 [http-nio-8080-exec-10] DEBUG o.s.s.w.a.Http403ForbiddenEntryPoint - Pre-authenticated entry point called. Rejecting access
2025-07-03 07:06:04 [scheduling-1] DEBUG c.e.service.AnalyticsService - Running scheduled analytics update
2025-07-03 07:10:26 [http-nio-8080-exec-7] DEBUG o.s.security.web.FilterChainProxy - Securing GET /api/tracking/pixel/6b5f3612-8826-461c-b4b9-0639f6c5ba8b
2025-07-03 07:10:26 [http-nio-8080-exec-7] DEBUG o.s.s.w.a.AnonymousAuthenticationFilter - Set SecurityContextHolder to anonymous SecurityContext
2025-07-03 07:10:26 [http-nio-8080-exec-7] DEBUG o.s.security.web.FilterChainProxy - Secured GET /api/tracking/pixel/6b5f3612-8826-461c-b4b9-0639f6c5ba8b
2025-07-03 07:11:04 [scheduling-1] DEBUG c.e.service.AnalyticsService - Running scheduled analytics update
2025-07-03 07:11:10 [http-nio-8080-exec-3] DEBUG o.s.security.web.FilterChainProxy - Securing GET /api/tracking/pixel/6b5f3612-8826-461c-b4b9-0639f6c5ba8b
2025-07-03 07:11:10 [http-nio-8080-exec-3] DEBUG o.s.s.w.a.AnonymousAuthenticationFilter - Set SecurityContextHolder to anonymous SecurityContext
2025-07-03 07:11:10 [http-nio-8080-exec-3] DEBUG o.s.security.web.FilterChainProxy - Secured GET /api/tracking/pixel/6b5f3612-8826-461c-b4b9-0639f6c5ba8b
2025-07-03 07:11:10 [http-nio-8080-exec-6] DEBUG o.s.security.web.FilterChainProxy - Securing GET /favicon.ico
2025-07-03 07:11:10 [http-nio-8080-exec-6] DEBUG o.s.s.w.a.AnonymousAuthenticationFilter - Set SecurityContextHolder to anonymous SecurityContext
2025-07-03 07:11:10 [http-nio-8080-exec-6] DEBUG o.s.s.w.a.Http403ForbiddenEntryPoint - Pre-authenticated entry point called. Rejecting access
2025-07-03 07:11:10 [http-nio-8080-exec-6] DEBUG o.s.security.web.FilterChainProxy - Securing GET /error
2025-07-03 07:11:10 [http-nio-8080-exec-6] DEBUG o.s.s.w.a.AnonymousAuthenticationFilter - Set SecurityContextHolder to anonymous SecurityContext
2025-07-03 07:11:10 [http-nio-8080-exec-6] DEBUG o.s.s.w.a.Http403ForbiddenEntryPoint - Pre-authenticated entry point called. Rejecting access
2025-07-03 07:15:22 [http-nio-8080-exec-1] DEBUG o.s.security.web.FilterChainProxy - Securing GET /api/tracking/pixel/6b5f3612-8826-461c-b4b9-0639f6c5ba8b
2025-07-03 07:15:22 [http-nio-8080-exec-1] DEBUG o.s.s.w.a.AnonymousAuthenticationFilter - Set SecurityContextHolder to anonymous SecurityContext
2025-07-03 07:15:22 [http-nio-8080-exec-1] DEBUG o.s.security.web.FilterChainProxy - Secured GET /api/tracking/pixel/6b5f3612-8826-461c-b4b9-0639f6c5ba8b
2025-07-03 07:15:23 [http-nio-8080-exec-5] DEBUG o.s.security.web.FilterChainProxy - Securing GET /favicon.ico
2025-07-03 07:15:23 [http-nio-8080-exec-5] DEBUG o.s.s.w.a.AnonymousAuthenticationFilter - Set SecurityContextHolder to anonymous SecurityContext
2025-07-03 07:15:23 [http-nio-8080-exec-5] DEBUG o.s.s.w.a.Http403ForbiddenEntryPoint - Pre-authenticated entry point called. Rejecting access
2025-07-03 07:15:23 [http-nio-8080-exec-5] DEBUG o.s.security.web.FilterChainProxy - Securing GET /error
2025-07-03 07:15:23 [http-nio-8080-exec-5] DEBUG o.s.s.w.a.AnonymousAuthenticationFilter - Set SecurityContextHolder to anonymous SecurityContext
2025-07-03 07:15:23 [http-nio-8080-exec-5] DEBUG o.s.s.w.a.Http403ForbiddenEntryPoint - Pre-authenticated entry point called. Rejecting access
2025-07-03 07:16:04 [scheduling-1] DEBUG c.e.service.AnalyticsService - Running scheduled analytics update
2025-07-03 07:16:20 [http-nio-8080-exec-8] DEBUG o.s.security.web.FilterChainProxy - Securing GET /api/tracking/pixel/6b5f3612-8826-461c-b4b9-0639f6c5ba8b
2025-07-03 07:16:20 [http-nio-8080-exec-8] DEBUG o.s.s.w.a.AnonymousAuthenticationFilter - Set SecurityContextHolder to anonymous SecurityContext
2025-07-03 07:16:20 [http-nio-8080-exec-8] DEBUG o.s.security.web.FilterChainProxy - Secured GET /api/tracking/pixel/6b5f3612-8826-461c-b4b9-0639f6c5ba8b
2025-07-03 07:16:20 [http-nio-8080-exec-4] DEBUG o.s.security.web.FilterChainProxy - Securing GET /favicon.ico
2025-07-03 07:16:20 [http-nio-8080-exec-4] DEBUG o.s.s.w.a.AnonymousAuthenticationFilter - Set SecurityContextHolder to anonymous SecurityContext
2025-07-03 07:16:20 [http-nio-8080-exec-4] DEBUG o.s.s.w.a.Http403ForbiddenEntryPoint - Pre-authenticated entry point called. Rejecting access
2025-07-03 07:16:20 [http-nio-8080-exec-4] DEBUG o.s.security.web.FilterChainProxy - Securing GET /error
2025-07-03 07:16:20 [http-nio-8080-exec-4] DEBUG o.s.s.w.a.AnonymousAuthenticationFilter - Set SecurityContextHolder to anonymous SecurityContext
2025-07-03 07:16:21 [http-nio-8080-exec-4] DEBUG o.s.s.w.a.Http403ForbiddenEntryPoint - Pre-authenticated entry point called. Rejecting access
2025-07-03 07:16:32 [http-nio-8080-exec-2] DEBUG o.s.security.web.FilterChainProxy - Securing GET /api/tracking/pixel/6b5f3612-8826-461c-b4b9-0639f6c5ba8b
2025-07-03 07:16:32 [http-nio-8080-exec-2] DEBUG o.s.s.w.a.AnonymousAuthenticationFilter - Set SecurityContextHolder to anonymous SecurityContext
2025-07-03 07:16:32 [http-nio-8080-exec-2] DEBUG o.s.security.web.FilterChainProxy - Secured GET /api/tracking/pixel/6b5f3612-8826-461c-b4b9-0639f6c5ba8b
2025-07-03 07:16:33 [http-nio-8080-exec-7] DEBUG o.s.security.web.FilterChainProxy - Securing GET /api/tracking/pixel/6b5f3612-8826-461c-b4b9-0639f6c5ba8b
2025-07-03 07:16:33 [http-nio-8080-exec-7] DEBUG o.s.s.w.a.AnonymousAuthenticationFilter - Set SecurityContextHolder to anonymous SecurityContext
2025-07-03 07:16:33 [http-nio-8080-exec-7] DEBUG o.s.security.web.FilterChainProxy - Secured GET /api/tracking/pixel/6b5f3612-8826-461c-b4b9-0639f6c5ba8b
2025-07-03 07:16:33 [http-nio-8080-exec-3] DEBUG o.s.security.web.FilterChainProxy - Securing GET /favicon.ico
2025-07-03 07:16:33 [http-nio-8080-exec-3] DEBUG o.s.s.w.a.AnonymousAuthenticationFilter - Set SecurityContextHolder to anonymous SecurityContext
2025-07-03 07:16:33 [http-nio-8080-exec-3] DEBUG o.s.s.w.a.Http403ForbiddenEntryPoint - Pre-authenticated entry point called. Rejecting access
2025-07-03 07:16:33 [http-nio-8080-exec-3] DEBUG o.s.security.web.FilterChainProxy - Securing GET /error
2025-07-03 07:16:33 [http-nio-8080-exec-3] DEBUG o.s.s.w.a.AnonymousAuthenticationFilter - Set SecurityContextHolder to anonymous SecurityContext
2025-07-03 07:16:33 [http-nio-8080-exec-3] DEBUG o.s.s.w.a.Http403ForbiddenEntryPoint - Pre-authenticated entry point called. Rejecting access
2025-07-03 07:19:54 [http-nio-8080-exec-9] DEBUG o.s.security.web.FilterChainProxy - Securing GET /api/tracking/pixel/f5049fd6-231c-4735-8bbf-31b76b71605a
2025-07-03 07:19:54 [http-nio-8080-exec-9] DEBUG o.s.s.w.a.AnonymousAuthenticationFilter - Set SecurityContextHolder to anonymous SecurityContext
2025-07-03 07:19:54 [http-nio-8080-exec-9] DEBUG o.s.security.web.FilterChainProxy - Secured GET /api/tracking/pixel/f5049fd6-231c-4735-8bbf-31b76b71605a
2025-07-03 07:19:54 [http-nio-8080-exec-9] DEBUG c.e.service.TrackingService - Email open tracked for campaign: trackingpixel test 1  recipient: khalil.agrebi02@gmail.com
2025-07-03 07:19:54 [http-nio-8080-exec-10] DEBUG o.s.security.web.FilterChainProxy - Securing GET /favicon.ico
2025-07-03 07:19:54 [http-nio-8080-exec-10] DEBUG o.s.s.w.a.AnonymousAuthenticationFilter - Set SecurityContextHolder to anonymous SecurityContext
2025-07-03 07:19:54 [http-nio-8080-exec-10] DEBUG o.s.s.w.a.Http403ForbiddenEntryPoint - Pre-authenticated entry point called. Rejecting access
2025-07-03 07:19:54 [http-nio-8080-exec-10] DEBUG o.s.security.web.FilterChainProxy - Securing GET /error
2025-07-03 07:19:54 [http-nio-8080-exec-10] DEBUG o.s.s.w.a.AnonymousAuthenticationFilter - Set SecurityContextHolder to anonymous SecurityContext
2025-07-03 07:19:54 [http-nio-8080-exec-10] DEBUG o.s.s.w.a.Http403ForbiddenEntryPoint - Pre-authenticated entry point called. Rejecting access
2025-07-03 07:21:04 [scheduling-1] DEBUG c.e.service.AnalyticsService - Running scheduled analytics update
2025-07-03 07:24:04 [http-nio-8080-exec-5] DEBUG o.s.security.web.FilterChainProxy - Securing GET /api/tracking/pixel/acbf0fd2-867a-4a9a-97fd-5a5decfb6a07
2025-07-03 07:24:04 [http-nio-8080-exec-5] DEBUG o.s.s.w.a.AnonymousAuthenticationFilter - Set SecurityContextHolder to anonymous SecurityContext
2025-07-03 07:24:04 [http-nio-8080-exec-5] DEBUG o.s.security.web.FilterChainProxy - Secured GET /api/tracking/pixel/acbf0fd2-867a-4a9a-97fd-5a5decfb6a07
2025-07-03 07:24:04 [http-nio-8080-exec-8] DEBUG o.s.security.web.FilterChainProxy - Securing GET /favicon.ico
2025-07-03 07:24:04 [http-nio-8080-exec-8] DEBUG o.s.s.w.a.AnonymousAuthenticationFilter - Set SecurityContextHolder to anonymous SecurityContext
2025-07-03 07:24:04 [http-nio-8080-exec-8] DEBUG o.s.s.w.a.Http403ForbiddenEntryPoint - Pre-authenticated entry point called. Rejecting access
2025-07-03 07:24:04 [http-nio-8080-exec-8] DEBUG o.s.security.web.FilterChainProxy - Securing GET /error
2025-07-03 07:24:04 [http-nio-8080-exec-8] DEBUG o.s.s.w.a.AnonymousAuthenticationFilter - Set SecurityContextHolder to anonymous SecurityContext
2025-07-03 07:24:04 [http-nio-8080-exec-8] DEBUG o.s.s.w.a.Http403ForbiddenEntryPoint - Pre-authenticated entry point called. Rejecting access
2025-07-03 07:26:04 [scheduling-1] DEBUG c.e.service.AnalyticsService - Running scheduled analytics update
2025-07-03 07:31:04 [scheduling-1] DEBUG c.e.service.AnalyticsService - Running scheduled analytics update
2025-07-03 07:31:55 [SpringApplicationShutdownHook] INFO  o.s.o.j.LocalContainerEntityManagerFactoryBean - Closing JPA EntityManagerFactory for persistence unit 'default'
2025-07-03 07:31:55 [SpringApplicationShutdownHook] INFO  com.zaxxer.hikari.HikariDataSource - HikariPool-1 - Shutdown initiated...
2025-07-03 07:31:55 [SpringApplicationShutdownHook] INFO  com.zaxxer.hikari.HikariDataSource - HikariPool-1 - Shutdown completed.
2025-07-03 07:33:47 [main] INFO  c.e.EmailCampaignApplication - Starting EmailCampaignApplication using Java 21.0.7 with PID 7580 (C:\Users\foulm\Downloads\ElBack\target\classes started by foulm in C:\Users\foulm\Downloads\ElBack)
2025-07-03 07:33:47 [main] DEBUG c.e.EmailCampaignApplication - Running with Spring Boot v3.2.3, Spring v6.1.4
2025-07-03 07:33:47 [main] INFO  c.e.EmailCampaignApplication - No active profile set, falling back to 1 default profile: "default"
2025-07-03 07:33:48 [main] INFO  o.s.d.r.c.RepositoryConfigurationDelegate - Bootstrapping Spring Data JPA repositories in DEFAULT mode.
2025-07-03 07:33:49 [main] INFO  o.s.d.r.c.RepositoryConfigurationDelegate - Finished Spring Data repository scanning in 89 ms. Found 7 JPA repository interfaces.
2025-07-03 07:33:50 [main] INFO  o.s.b.w.e.tomcat.TomcatWebServer - Tomcat initialized with port 8080 (http)
2025-07-03 07:33:50 [main] INFO  o.a.catalina.core.StandardService - Starting service [Tomcat]
2025-07-03 07:33:50 [main] INFO  o.a.catalina.core.StandardEngine - Starting Servlet engine: [Apache Tomcat/10.1.19]
2025-07-03 07:33:50 [main] INFO  o.a.c.c.C.[Tomcat].[localhost].[/] - Initializing Spring embedded WebApplicationContext
2025-07-03 07:33:50 [main] INFO  o.s.b.w.s.c.ServletWebServerApplicationContext - Root WebApplicationContext: initialization completed in 2418 ms
2025-07-03 07:33:50 [main] INFO  o.h.jpa.internal.util.LogHelper - HHH000204: Processing PersistenceUnitInfo [name: default]
2025-07-03 07:33:50 [main] INFO  org.hibernate.Version - HHH000412: Hibernate ORM core version 6.4.4.Final
2025-07-03 07:33:50 [main] INFO  o.h.c.i.RegionFactoryInitiator - HHH000026: Second-level cache disabled
2025-07-03 07:33:50 [main] INFO  o.s.o.j.p.SpringPersistenceUnitInfo - No LoadTimeWeaver setup: ignoring JPA class transformer
2025-07-03 07:33:50 [main] INFO  com.zaxxer.hikari.HikariDataSource - HikariPool-1 - Starting...
2025-07-03 07:33:51 [main] INFO  com.zaxxer.hikari.pool.HikariPool - HikariPool-1 - Added connection org.postgresql.jdbc.PgConnection@15d0b458
2025-07-03 07:33:51 [main] INFO  com.zaxxer.hikari.HikariDataSource - HikariPool-1 - Start completed.
2025-07-03 07:33:51 [main] WARN  org.hibernate.orm.deprecation - HHH90000025: PostgreSQLDialect does not need to be specified explicitly using 'hibernate.dialect' (remove the property setting and it will be selected by default)
2025-07-03 07:33:52 [main] INFO  o.h.e.t.j.p.i.JtaPlatformInitiator - HHH000489: No JTA platform available (set 'hibernate.transaction.jta.platform' to enable JTA platform integration)
2025-07-03 07:33:52 [main] INFO  o.s.o.j.LocalContainerEntityManagerFactoryBean - Initialized JPA EntityManagerFactory for persistence unit 'default'
2025-07-03 07:33:53 [main] INFO  o.s.d.j.r.query.QueryEnhancerFactory - Hibernate is in classpath; If applicable, HQL parser will be used.
2025-07-03 07:33:53 [main] DEBUG c.e.security.JwtAuthenticationFilter - Filter 'jwtAuthenticationFilter' configured for use
2025-07-03 07:33:54 [main] WARN  o.s.b.a.t.ThymeleafAutoConfiguration$DefaultTemplateResolverConfiguration - Cannot find template location: classpath:/templates/ (please add some templates, check your Thymeleaf configuration, or set spring.thymeleaf.check-template-location=false)
2025-07-03 07:33:54 [main] WARN  o.s.b.a.o.j.JpaBaseConfiguration$JpaWebConfiguration - spring.jpa.open-in-view is enabled by default. Therefore, database queries may be performed during view rendering. Explicitly configure spring.jpa.open-in-view to disable this warning
2025-07-03 07:33:55 [main] INFO  o.s.b.a.e.web.EndpointLinksResolver - Exposing 3 endpoint(s) beneath base path '/actuator'
2025-07-03 07:33:55 [main] INFO  o.s.s.web.DefaultSecurityFilterChain - Will secure any request with [org.springframework.security.web.session.DisableEncodeUrlFilter@2df9b4f3, org.springframework.security.web.context.request.async.WebAsyncManagerIntegrationFilter@6112390a, org.springframework.security.web.context.SecurityContextHolderFilter@5dcd3a19, org.springframework.security.web.header.HeaderWriterFilter@de61005, org.springframework.web.filter.CorsFilter@5ac92082, org.springframework.security.web.authentication.logout.LogoutFilter@5ada5fd3, com.emailcampaign.security.JwtAuthenticationFilter@75ba33b8, org.springframework.security.web.savedrequest.RequestCacheAwareFilter@76339283, org.springframework.security.web.servletapi.SecurityContextHolderAwareRequestFilter@36c6509c, org.springframework.security.web.authentication.AnonymousAuthenticationFilter@35ff3600, org.springframework.security.web.session.SessionManagementFilter@306a875c, org.springframework.security.web.access.ExceptionTranslationFilter@31e5f3f0, org.springframework.security.web.access.intercept.AuthorizationFilter@2f541378]
2025-07-03 07:33:55 [main] INFO  o.s.b.w.e.tomcat.TomcatWebServer - Tomcat started on port 8080 (http) with context path ''
2025-07-03 07:33:55 [main] INFO  c.e.EmailCampaignApplication - Started EmailCampaignApplication in 8.697 seconds (process running for 9.224)
2025-07-03 07:33:55 [scheduling-1] DEBUG c.e.service.AnalyticsService - Running scheduled analytics update
2025-07-03 07:33:56 [RMI TCP Connection(3)-192.168.0.183] INFO  o.a.c.c.C.[Tomcat].[localhost].[/] - Initializing Spring DispatcherServlet 'dispatcherServlet'
2025-07-03 07:33:56 [RMI TCP Connection(3)-192.168.0.183] INFO  o.s.web.servlet.DispatcherServlet - Initializing Servlet 'dispatcherServlet'
2025-07-03 07:33:56 [RMI TCP Connection(3)-192.168.0.183] INFO  o.s.web.servlet.DispatcherServlet - Completed initialization in 2 ms
2025-07-03 07:34:23 [http-nio-8080-exec-1] DEBUG o.s.security.web.FilterChainProxy - Securing OPTIONS /api/auth/login
2025-07-03 07:34:23 [http-nio-8080-exec-2] DEBUG o.s.security.web.FilterChainProxy - Securing POST /api/auth/login
2025-07-03 07:34:23 [http-nio-8080-exec-2] DEBUG o.s.s.w.a.AnonymousAuthenticationFilter - Set SecurityContextHolder to anonymous SecurityContext
2025-07-03 07:34:23 [http-nio-8080-exec-2] DEBUG o.s.security.web.FilterChainProxy - Secured POST /api/auth/login
2025-07-03 07:34:24 [http-nio-8080-exec-2] DEBUG o.s.s.a.d.DaoAuthenticationProvider - Authenticated user
2025-07-03 07:34:24 [http-nio-8080-exec-2] INFO  c.e.service.SystemLogService - User action logged: khalil.agrebi02@gmail.com - USER_LOGIN - User logged in successfully
2025-07-03 07:34:26 [http-nio-8080-exec-3] DEBUG o.s.security.web.FilterChainProxy - Securing OPTIONS /api/campaigns
2025-07-03 07:34:26 [http-nio-8080-exec-4] DEBUG o.s.security.web.FilterChainProxy - Securing GET /api/campaigns
2025-07-03 07:34:26 [http-nio-8080-exec-4] DEBUG o.s.security.web.FilterChainProxy - Secured GET /api/campaigns
2025-07-03 07:34:52 [http-nio-8080-exec-5] DEBUG o.s.security.web.FilterChainProxy - Securing OPTIONS /api/campaigns
2025-07-03 07:34:52 [http-nio-8080-exec-6] DEBUG o.s.security.web.FilterChainProxy - Securing POST /api/campaigns
2025-07-03 07:34:52 [http-nio-8080-exec-6] DEBUG o.s.security.web.FilterChainProxy - Secured POST /api/campaigns
2025-07-03 07:34:52 [http-nio-8080-exec-6] INFO  c.e.service.SystemLogService - User action logged: khalil.agrebi02@gmail.com - CAMPAIGN_CREATED - Campaign created: trackingpixel test 2
2025-07-03 07:34:52 [http-nio-8080-exec-6] INFO  c.e.service.CampaignService - Campaign created: trackingpixel test 2 by user: khalil.agrebi02@gmail.com
2025-07-03 07:34:52 [http-nio-8080-exec-7] DEBUG o.s.security.web.FilterChainProxy - Securing OPTIONS /api/campaigns/17/send
2025-07-03 07:34:52 [http-nio-8080-exec-8] DEBUG o.s.security.web.FilterChainProxy - Securing POST /api/campaigns/17/send
2025-07-03 07:34:52 [http-nio-8080-exec-8] DEBUG o.s.security.web.FilterChainProxy - Secured POST /api/campaigns/17/send
2025-07-03 07:34:52 [task-1] INFO  c.emailcampaign.service.EmailService - Starting to send campaign: trackingpixel test 2
2025-07-03 07:34:52 [http-nio-8080-exec-8] INFO  c.e.service.SystemLogService - User action logged: khalil.agrebi02@gmail.com - CAMPAIGN_SENT - Campaign sent: trackingpixel test 2
2025-07-03 07:34:52 [http-nio-8080-exec-8] INFO  c.e.service.CampaignService - Campaign sent: trackingpixel test 2 by user: khalil.agrebi02@gmail.com
2025-07-03 07:34:54 [task-1] DEBUG c.emailcampaign.service.EmailService - Email sent to khalil.agrebi02@gmail.com for campaign trackingpixel test 2
2025-07-03 07:34:54 [task-1] INFO  c.emailcampaign.service.EmailService - Campaign trackingpixel test 2 completed. Sent: 1, Failed: 0
2025-07-03 07:38:55 [scheduling-1] DEBUG c.e.service.AnalyticsService - Running scheduled analytics update
2025-07-03 07:43:55 [scheduling-1] DEBUG c.e.service.AnalyticsService - Running scheduled analytics update
2025-07-03 07:48:55 [scheduling-1] DEBUG c.e.service.AnalyticsService - Running scheduled analytics update
2025-07-03 07:50:54 [http-nio-8080-exec-10] DEBUG o.s.security.web.FilterChainProxy - Securing GET /api/tracking/pixel/0bbb8810-4bf6-48e2-9734-f331fc0be85c
2025-07-03 07:50:54 [http-nio-8080-exec-10] DEBUG o.s.s.w.a.AnonymousAuthenticationFilter - Set SecurityContextHolder to anonymous SecurityContext
2025-07-03 07:50:54 [http-nio-8080-exec-10] DEBUG o.s.security.web.FilterChainProxy - Secured GET /api/tracking/pixel/0bbb8810-4bf6-48e2-9734-f331fc0be85c
2025-07-03 07:50:54 [http-nio-8080-exec-10] DEBUG c.e.service.TrackingService - Email open tracked for campaign: trackingpixel test 2 recipient: khalil.agrebi02@gmail.com
2025-07-03 07:50:54 [http-nio-8080-exec-1] DEBUG o.s.security.web.FilterChainProxy - Securing GET /favicon.ico
2025-07-03 07:50:54 [http-nio-8080-exec-1] DEBUG o.s.s.w.a.AnonymousAuthenticationFilter - Set SecurityContextHolder to anonymous SecurityContext
2025-07-03 07:50:54 [http-nio-8080-exec-1] DEBUG o.s.s.w.a.Http403ForbiddenEntryPoint - Pre-authenticated entry point called. Rejecting access
2025-07-03 07:50:54 [http-nio-8080-exec-1] DEBUG o.s.security.web.FilterChainProxy - Securing GET /error
2025-07-03 07:50:54 [http-nio-8080-exec-1] DEBUG o.s.s.w.a.AnonymousAuthenticationFilter - Set SecurityContextHolder to anonymous SecurityContext
2025-07-03 07:50:54 [http-nio-8080-exec-1] DEBUG o.s.s.w.a.Http403ForbiddenEntryPoint - Pre-authenticated entry point called. Rejecting access
2025-07-03 07:52:21 [http-nio-8080-exec-3] DEBUG o.s.security.web.FilterChainProxy - Securing OPTIONS /api/campaigns
2025-07-03 07:52:21 [http-nio-8080-exec-4] DEBUG o.s.security.web.FilterChainProxy - Securing GET /api/campaigns
2025-07-03 07:52:22 [http-nio-8080-exec-4] DEBUG o.s.security.web.FilterChainProxy - Secured GET /api/campaigns
2025-07-03 07:52:37 [http-nio-8080-exec-5] DEBUG o.s.security.web.FilterChainProxy - Securing OPTIONS /api/campaigns
2025-07-03 07:52:37 [http-nio-8080-exec-6] DEBUG o.s.security.web.FilterChainProxy - Securing GET /api/campaigns
2025-07-03 07:52:37 [http-nio-8080-exec-6] DEBUG o.s.security.web.FilterChainProxy - Secured GET /api/campaigns
2025-07-03 07:53:55 [scheduling-1] DEBUG c.e.service.AnalyticsService - Running scheduled analytics update
2025-07-03 07:56:00 [http-nio-8080-exec-8] DEBUG o.s.security.web.FilterChainProxy - Securing OPTIONS /api/campaigns
2025-07-03 07:56:00 [http-nio-8080-exec-9] DEBUG o.s.security.web.FilterChainProxy - Securing POST /api/campaigns
2025-07-03 07:56:00 [http-nio-8080-exec-9] DEBUG o.s.security.web.FilterChainProxy - Secured POST /api/campaigns
2025-07-03 07:56:00 [http-nio-8080-exec-9] INFO  c.e.service.SystemLogService - User action logged: khalil.agrebi02@gmail.com - CAMPAIGN_CREATED - Campaign created: trackingpixel test 3
2025-07-03 07:56:00 [http-nio-8080-exec-9] INFO  c.e.service.CampaignService - Campaign created: trackingpixel test 3 by user: khalil.agrebi02@gmail.com
2025-07-03 07:56:00 [http-nio-8080-exec-10] DEBUG o.s.security.web.FilterChainProxy - Securing OPTIONS /api/campaigns/18/send
2025-07-03 07:56:00 [http-nio-8080-exec-1] DEBUG o.s.security.web.FilterChainProxy - Securing POST /api/campaigns/18/send
2025-07-03 07:56:00 [http-nio-8080-exec-1] DEBUG o.s.security.web.FilterChainProxy - Secured POST /api/campaigns/18/send
2025-07-03 07:56:00 [task-2] INFO  c.emailcampaign.service.EmailService - Starting to send campaign: trackingpixel test 3
2025-07-03 07:56:00 [http-nio-8080-exec-1] INFO  c.e.service.SystemLogService - User action logged: khalil.agrebi02@gmail.com - CAMPAIGN_SENT - Campaign sent: trackingpixel test 3
2025-07-03 07:56:00 [http-nio-8080-exec-1] INFO  c.e.service.CampaignService - Campaign sent: trackingpixel test 3 by user: khalil.agrebi02@gmail.com
2025-07-03 07:56:02 [task-2] DEBUG c.emailcampaign.service.EmailService - Email sent to miajones0295@gmail.com for campaign trackingpixel test 3
2025-07-03 07:56:02 [task-2] INFO  c.emailcampaign.service.EmailService - Campaign trackingpixel test 3 completed. Sent: 1, Failed: 0
2025-07-03 07:56:45 [http-nio-8080-exec-2] DEBUG o.s.security.web.FilterChainProxy - Securing GET /api/tracking/pixel/ce9b4e16-89f4-475a-b0be-aace00bef4e1
2025-07-03 07:56:45 [http-nio-8080-exec-2] DEBUG o.s.s.w.a.AnonymousAuthenticationFilter - Set SecurityContextHolder to anonymous SecurityContext
2025-07-03 07:56:45 [http-nio-8080-exec-2] DEBUG o.s.security.web.FilterChainProxy - Secured GET /api/tracking/pixel/ce9b4e16-89f4-475a-b0be-aace00bef4e1
2025-07-03 07:56:45 [http-nio-8080-exec-2] DEBUG c.e.service.TrackingService - Email open tracked for campaign: trackingpixel test 3 recipient: miajones0295@gmail.com
2025-07-03 07:57:41 [http-nio-8080-exec-4] DEBUG o.s.security.web.FilterChainProxy - Securing OPTIONS /api/auth/login
2025-07-03 07:57:41 [http-nio-8080-exec-5] DEBUG o.s.security.web.FilterChainProxy - Securing POST /api/auth/login
2025-07-03 07:57:41 [http-nio-8080-exec-5] DEBUG o.s.s.w.a.AnonymousAuthenticationFilter - Set SecurityContextHolder to anonymous SecurityContext
2025-07-03 07:57:41 [http-nio-8080-exec-5] DEBUG o.s.security.web.FilterChainProxy - Secured POST /api/auth/login
2025-07-03 07:57:41 [http-nio-8080-exec-5] DEBUG o.s.s.a.d.DaoAuthenticationProvider - Authenticated user
2025-07-03 07:57:41 [http-nio-8080-exec-5] INFO  c.e.service.SystemLogService - User action logged: khalil.agrebi02@gmail.com - USER_LOGIN - User logged in successfully
2025-07-03 07:57:44 [http-nio-8080-exec-6] DEBUG o.s.security.web.FilterChainProxy - Securing OPTIONS /api/campaigns
2025-07-03 07:57:44 [http-nio-8080-exec-7] DEBUG o.s.security.web.FilterChainProxy - Securing GET /api/campaigns
2025-07-03 07:57:44 [http-nio-8080-exec-7] DEBUG o.s.security.web.FilterChainProxy - Secured GET /api/campaigns
2025-07-03 07:58:02 [http-nio-8080-exec-9] DEBUG o.s.security.web.FilterChainProxy - Securing OPTIONS /api/campaigns
2025-07-03 07:58:02 [http-nio-8080-exec-10] DEBUG o.s.security.web.FilterChainProxy - Securing POST /api/campaigns
2025-07-03 07:58:02 [http-nio-8080-exec-10] DEBUG o.s.security.web.FilterChainProxy - Secured POST /api/campaigns
2025-07-03 07:58:02 [http-nio-8080-exec-10] INFO  c.e.service.SystemLogService - User action logged: khalil.agrebi02@gmail.com - CAMPAIGN_CREATED - Campaign created: trackingpixel test 4
2025-07-03 07:58:02 [http-nio-8080-exec-10] INFO  c.e.service.CampaignService - Campaign created: trackingpixel test 4 by user: khalil.agrebi02@gmail.com
2025-07-03 07:58:02 [http-nio-8080-exec-1] DEBUG o.s.security.web.FilterChainProxy - Securing OPTIONS /api/campaigns/19/send
2025-07-03 07:58:02 [http-nio-8080-exec-2] DEBUG o.s.security.web.FilterChainProxy - Securing POST /api/campaigns/19/send
2025-07-03 07:58:02 [http-nio-8080-exec-2] DEBUG o.s.security.web.FilterChainProxy - Secured POST /api/campaigns/19/send
2025-07-03 07:58:02 [task-3] INFO  c.emailcampaign.service.EmailService - Starting to send campaign: trackingpixel test 4
2025-07-03 07:58:02 [http-nio-8080-exec-2] INFO  c.e.service.SystemLogService - User action logged: khalil.agrebi02@gmail.com - CAMPAIGN_SENT - Campaign sent: trackingpixel test 4
2025-07-03 07:58:02 [http-nio-8080-exec-2] INFO  c.e.service.CampaignService - Campaign sent: trackingpixel test 4 by user: khalil.agrebi02@gmail.com
2025-07-03 07:58:05 [task-3] DEBUG c.emailcampaign.service.EmailService - Email sent to miajones0295@gmail.com for campaign trackingpixel test 4
2025-07-03 07:58:05 [task-3] INFO  c.emailcampaign.service.EmailService - Campaign trackingpixel test 4 completed. Sent: 1, Failed: 0
2025-07-03 07:58:22 [http-nio-8080-exec-3] DEBUG o.s.security.web.FilterChainProxy - Securing GET /api/tracking/pixel/ce9b4e16-89f4-475a-b0be-aace00bef4e1
2025-07-03 07:58:22 [http-nio-8080-exec-3] DEBUG o.s.s.w.a.AnonymousAuthenticationFilter - Set SecurityContextHolder to anonymous SecurityContext
2025-07-03 07:58:22 [http-nio-8080-exec-3] DEBUG o.s.security.web.FilterChainProxy - Secured GET /api/tracking/pixel/ce9b4e16-89f4-475a-b0be-aace00bef4e1
2025-07-03 07:58:28 [http-nio-8080-exec-4] DEBUG o.s.security.web.FilterChainProxy - Securing GET /api/tracking/pixel/ff89a8ce-a596-4787-a228-bbd054c33473
2025-07-03 07:58:28 [http-nio-8080-exec-4] DEBUG o.s.s.w.a.AnonymousAuthenticationFilter - Set SecurityContextHolder to anonymous SecurityContext
2025-07-03 07:58:28 [http-nio-8080-exec-4] DEBUG o.s.security.web.FilterChainProxy - Secured GET /api/tracking/pixel/ff89a8ce-a596-4787-a228-bbd054c33473
2025-07-03 07:58:28 [http-nio-8080-exec-4] DEBUG c.e.service.TrackingService - Email open tracked for campaign: trackingpixel test 4 recipient: miajones0295@gmail.com
2025-07-03 07:58:55 [scheduling-1] DEBUG c.e.service.AnalyticsService - Running scheduled analytics update
2025-07-03 08:03:55 [scheduling-1] DEBUG c.e.service.AnalyticsService - Running scheduled analytics update
2025-07-03 08:05:53 [http-nio-8080-exec-7] DEBUG o.s.security.web.FilterChainProxy - Securing GET /api/tracking/pixel/ff89a8ce-a596-4787-a228-bbd054c33473
2025-07-03 08:05:53 [http-nio-8080-exec-7] DEBUG o.s.s.w.a.AnonymousAuthenticationFilter - Set SecurityContextHolder to anonymous SecurityContext
2025-07-03 08:05:53 [http-nio-8080-exec-7] DEBUG o.s.security.web.FilterChainProxy - Secured GET /api/tracking/pixel/ff89a8ce-a596-4787-a228-bbd054c33473
2025-07-03 08:05:55 [http-nio-8080-exec-8] DEBUG o.s.security.web.FilterChainProxy - Securing GET /api/tracking/pixel/ff89a8ce-a596-4787-a228-bbd054c33473
2025-07-03 08:05:55 [http-nio-8080-exec-8] DEBUG o.s.s.w.a.AnonymousAuthenticationFilter - Set SecurityContextHolder to anonymous SecurityContext
2025-07-03 08:05:55 [http-nio-8080-exec-8] DEBUG o.s.security.web.FilterChainProxy - Secured GET /api/tracking/pixel/ff89a8ce-a596-4787-a228-bbd054c33473
2025-07-03 08:05:58 [http-nio-8080-exec-9] DEBUG o.s.security.web.FilterChainProxy - Securing GET /api/tracking/pixel/ff89a8ce-a596-4787-a228-bbd054c33473
2025-07-03 08:05:58 [http-nio-8080-exec-9] DEBUG o.s.s.w.a.AnonymousAuthenticationFilter - Set SecurityContextHolder to anonymous SecurityContext
2025-07-03 08:05:58 [http-nio-8080-exec-9] DEBUG o.s.security.web.FilterChainProxy - Secured GET /api/tracking/pixel/ff89a8ce-a596-4787-a228-bbd054c33473
2025-07-03 08:06:05 [http-nio-8080-exec-10] DEBUG o.s.security.web.FilterChainProxy - Securing OPTIONS /api/campaigns
2025-07-03 08:06:05 [http-nio-8080-exec-1] DEBUG o.s.security.web.FilterChainProxy - Securing GET /api/campaigns
2025-07-03 08:06:05 [http-nio-8080-exec-1] DEBUG o.s.security.web.FilterChainProxy - Secured GET /api/campaigns
2025-07-03 08:06:32 [http-nio-8080-exec-2] DEBUG o.s.security.web.FilterChainProxy - Securing OPTIONS /api/campaigns
2025-07-03 08:06:32 [http-nio-8080-exec-3] DEBUG o.s.security.web.FilterChainProxy - Securing POST /api/campaigns
2025-07-03 08:06:32 [http-nio-8080-exec-3] DEBUG o.s.security.web.FilterChainProxy - Secured POST /api/campaigns
2025-07-03 08:06:32 [http-nio-8080-exec-3] INFO  c.e.service.SystemLogService - User action logged: khalil.agrebi02@gmail.com - CAMPAIGN_CREATED - Campaign created: testing multiple opens 1
2025-07-03 08:06:32 [http-nio-8080-exec-3] INFO  c.e.service.CampaignService - Campaign created: testing multiple opens 1 by user: khalil.agrebi02@gmail.com
2025-07-03 08:06:32 [http-nio-8080-exec-4] DEBUG o.s.security.web.FilterChainProxy - Securing OPTIONS /api/campaigns/20/send
2025-07-03 08:06:32 [http-nio-8080-exec-5] DEBUG o.s.security.web.FilterChainProxy - Securing POST /api/campaigns/20/send
2025-07-03 08:06:32 [http-nio-8080-exec-5] DEBUG o.s.security.web.FilterChainProxy - Secured POST /api/campaigns/20/send
2025-07-03 08:06:32 [task-4] INFO  c.emailcampaign.service.EmailService - Starting to send campaign: testing multiple opens 1
2025-07-03 08:06:32 [http-nio-8080-exec-5] INFO  c.e.service.SystemLogService - User action logged: khalil.agrebi02@gmail.com - CAMPAIGN_SENT - Campaign sent: testing multiple opens 1
2025-07-03 08:06:32 [http-nio-8080-exec-5] INFO  c.e.service.CampaignService - Campaign sent: testing multiple opens 1 by user: khalil.agrebi02@gmail.com
2025-07-03 08:06:34 [task-4] DEBUG c.emailcampaign.service.EmailService - Email sent to miajones0295@gmail.com for campaign testing multiple opens 1
2025-07-03 08:06:34 [task-4] INFO  c.emailcampaign.service.EmailService - Campaign testing multiple opens 1 completed. Sent: 1, Failed: 0
2025-07-03 08:07:04 [http-nio-8080-exec-8] DEBUG o.s.security.web.FilterChainProxy - Securing GET /api/tracking/pixel/7c28d892-6bda-44ec-8519-4dca0730c3ee
2025-07-03 08:07:04 [http-nio-8080-exec-8] DEBUG o.s.s.w.a.AnonymousAuthenticationFilter - Set SecurityContextHolder to anonymous SecurityContext
2025-07-03 08:07:04 [http-nio-8080-exec-8] DEBUG o.s.security.web.FilterChainProxy - Secured GET /api/tracking/pixel/7c28d892-6bda-44ec-8519-4dca0730c3ee
2025-07-03 08:07:04 [http-nio-8080-exec-8] DEBUG c.e.service.TrackingService - Email open tracked for campaign: testing multiple opens 1 recipient: miajones0295@gmail.com
2025-07-03 08:07:34 [http-nio-8080-exec-10] DEBUG o.s.security.web.FilterChainProxy - Securing GET /api/tracking/pixel/7c28d892-6bda-44ec-8519-4dca0730c3ee
2025-07-03 08:07:34 [http-nio-8080-exec-10] DEBUG o.s.s.w.a.AnonymousAuthenticationFilter - Set SecurityContextHolder to anonymous SecurityContext
2025-07-03 08:07:34 [http-nio-8080-exec-10] DEBUG o.s.security.web.FilterChainProxy - Secured GET /api/tracking/pixel/7c28d892-6bda-44ec-8519-4dca0730c3ee
2025-07-03 08:08:11 [http-nio-8080-exec-1] DEBUG o.s.security.web.FilterChainProxy - Securing GET /api/tracking/pixel/7c28d892-6bda-44ec-8519-4dca0730c3ee
2025-07-03 08:08:11 [http-nio-8080-exec-1] DEBUG o.s.s.w.a.AnonymousAuthenticationFilter - Set SecurityContextHolder to anonymous SecurityContext
2025-07-03 08:08:11 [http-nio-8080-exec-1] DEBUG o.s.security.web.FilterChainProxy - Secured GET /api/tracking/pixel/7c28d892-6bda-44ec-8519-4dca0730c3ee
2025-07-03 08:08:55 [scheduling-1] DEBUG c.e.service.AnalyticsService - Running scheduled analytics update
2025-07-03 08:10:31 [http-nio-8080-exec-3] DEBUG o.s.security.web.FilterChainProxy - Securing OPTIONS /api/campaigns
2025-07-03 08:10:31 [http-nio-8080-exec-4] DEBUG o.s.security.web.FilterChainProxy - Securing GET /api/campaigns
2025-07-03 08:10:31 [http-nio-8080-exec-4] DEBUG o.s.security.web.FilterChainProxy - Secured GET /api/campaigns
2025-07-03 08:10:41 [http-nio-8080-exec-5] DEBUG o.s.security.web.FilterChainProxy - Securing OPTIONS /api/auth/login
2025-07-03 08:10:41 [http-nio-8080-exec-6] DEBUG o.s.security.web.FilterChainProxy - Securing POST /api/auth/login
2025-07-03 08:10:41 [http-nio-8080-exec-6] DEBUG o.s.s.w.a.AnonymousAuthenticationFilter - Set SecurityContextHolder to anonymous SecurityContext
2025-07-03 08:10:41 [http-nio-8080-exec-6] DEBUG o.s.security.web.FilterChainProxy - Secured POST /api/auth/login
2025-07-03 08:10:41 [http-nio-8080-exec-6] DEBUG o.s.s.a.d.DaoAuthenticationProvider - Authenticated user
2025-07-03 08:10:41 [http-nio-8080-exec-6] INFO  c.e.service.SystemLogService - User action logged: khalil.agrebi02@gmail.com - USER_LOGIN - User logged in successfully
2025-07-03 08:11:23 [http-nio-8080-exec-7] DEBUG o.s.security.web.FilterChainProxy - Securing OPTIONS /api/campaigns
2025-07-03 08:11:23 [http-nio-8080-exec-8] DEBUG o.s.security.web.FilterChainProxy - Securing GET /api/campaigns
2025-07-03 08:11:23 [http-nio-8080-exec-8] DEBUG o.s.security.web.FilterChainProxy - Secured GET /api/campaigns
2025-07-03 08:11:30 [http-nio-8080-exec-9] DEBUG o.s.security.web.FilterChainProxy - Securing OPTIONS /api/campaigns
2025-07-03 08:11:30 [http-nio-8080-exec-10] DEBUG o.s.security.web.FilterChainProxy - Securing GET /api/campaigns
2025-07-03 08:11:30 [http-nio-8080-exec-10] DEBUG o.s.security.web.FilterChainProxy - Secured GET /api/campaigns
2025-07-03 08:13:55 [scheduling-1] DEBUG c.e.service.AnalyticsService - Running scheduled analytics update
2025-07-03 08:18:55 [scheduling-1] DEBUG c.e.service.AnalyticsService - Running scheduled analytics update
2025-07-03 08:23:55 [scheduling-1] DEBUG c.e.service.AnalyticsService - Running scheduled analytics update
2025-07-03 08:28:55 [scheduling-1] DEBUG c.e.service.AnalyticsService - Running scheduled analytics update
2025-07-03 08:33:55 [scheduling-1] DEBUG c.e.service.AnalyticsService - Running scheduled analytics update
2025-07-03 08:38:55 [scheduling-1] DEBUG c.e.service.AnalyticsService - Running scheduled analytics update
2025-07-03 08:43:55 [scheduling-1] DEBUG c.e.service.AnalyticsService - Running scheduled analytics update
2025-07-03 08:48:55 [scheduling-1] DEBUG c.e.service.AnalyticsService - Running scheduled analytics update
2025-07-03 08:53:55 [scheduling-1] DEBUG c.e.service.AnalyticsService - Running scheduled analytics update
2025-07-03 08:58:55 [scheduling-1] DEBUG c.e.service.AnalyticsService - Running scheduled analytics update
2025-07-03 09:03:55 [scheduling-1] DEBUG c.e.service.AnalyticsService - Running scheduled analytics update
2025-07-03 09:08:55 [scheduling-1] DEBUG c.e.service.AnalyticsService - Running scheduled analytics update
2025-07-03 09:13:55 [scheduling-1] DEBUG c.e.service.AnalyticsService - Running scheduled analytics update
2025-07-03 09:18:55 [scheduling-1] DEBUG c.e.service.AnalyticsService - Running scheduled analytics update
2025-07-03 09:23:55 [scheduling-1] DEBUG c.e.service.AnalyticsService - Running scheduled analytics update
2025-07-03 09:28:55 [scheduling-1] DEBUG c.e.service.AnalyticsService - Running scheduled analytics update
2025-07-03 09:33:55 [scheduling-1] DEBUG c.e.service.AnalyticsService - Running scheduled analytics update
2025-07-03 09:38:55 [scheduling-1] DEBUG c.e.service.AnalyticsService - Running scheduled analytics update
2025-07-03 09:43:55 [scheduling-1] DEBUG c.e.service.AnalyticsService - Running scheduled analytics update
2025-07-03 09:48:55 [scheduling-1] DEBUG c.e.service.AnalyticsService - Running scheduled analytics update
2025-07-03 09:53:55 [scheduling-1] DEBUG c.e.service.AnalyticsService - Running scheduled analytics update
2025-07-03 09:58:55 [scheduling-1] DEBUG c.e.service.AnalyticsService - Running scheduled analytics update
2025-07-03 10:03:55 [scheduling-1] DEBUG c.e.service.AnalyticsService - Running scheduled analytics update
2025-07-03 10:08:55 [scheduling-1] DEBUG c.e.service.AnalyticsService - Running scheduled analytics update
2025-07-03 10:13:55 [scheduling-1] DEBUG c.e.service.AnalyticsService - Running scheduled analytics update
2025-07-03 10:18:55 [scheduling-1] DEBUG c.e.service.AnalyticsService - Running scheduled analytics update
2025-07-03 11:27:34 [HikariPool-1 housekeeper] WARN  com.zaxxer.hikari.pool.HikariPool - HikariPool-1 - Thread starvation or clock leap detected (housekeeper delta=1h8m11s279ms112s600ns).
2025-07-03 11:31:36 [scheduling-1] DEBUG c.e.service.AnalyticsService - Running scheduled analytics update
2025-07-03 11:31:36 [scheduling-1] DEBUG c.e.service.AnalyticsService - Running scheduled analytics update
2025-07-03 11:31:36 [scheduling-1] DEBUG c.e.service.AnalyticsService - Running scheduled analytics update
2025-07-03 11:31:36 [scheduling-1] DEBUG c.e.service.AnalyticsService - Running scheduled analytics update
2025-07-03 11:31:36 [scheduling-1] DEBUG c.e.service.AnalyticsService - Running scheduled analytics update
2025-07-03 11:31:36 [scheduling-1] DEBUG c.e.service.AnalyticsService - Running scheduled analytics update
2025-07-03 11:31:36 [scheduling-1] DEBUG c.e.service.AnalyticsService - Running scheduled analytics update
2025-07-03 11:31:36 [scheduling-1] DEBUG c.e.service.AnalyticsService - Running scheduled analytics update
2025-07-03 11:31:36 [scheduling-1] DEBUG c.e.service.AnalyticsService - Running scheduled analytics update
2025-07-03 11:31:36 [scheduling-1] DEBUG c.e.service.AnalyticsService - Running scheduled analytics update
2025-07-03 11:31:36 [scheduling-1] DEBUG c.e.service.AnalyticsService - Running scheduled analytics update
2025-07-03 11:31:36 [scheduling-1] DEBUG c.e.service.AnalyticsService - Running scheduled analytics update
2025-07-03 11:31:36 [scheduling-1] DEBUG c.e.service.AnalyticsService - Running scheduled analytics update
2025-07-03 11:31:36 [scheduling-1] DEBUG c.e.service.AnalyticsService - Running scheduled analytics update
2025-07-03 11:33:55 [scheduling-1] DEBUG c.e.service.AnalyticsService - Running scheduled analytics update
2025-07-03 11:38:55 [scheduling-1] DEBUG c.e.service.AnalyticsService - Running scheduled analytics update
2025-07-03 11:43:55 [scheduling-1] DEBUG c.e.service.AnalyticsService - Running scheduled analytics update
2025-07-03 11:48:55 [scheduling-1] DEBUG c.e.service.AnalyticsService - Running scheduled analytics update
2025-07-03 11:53:15 [SpringApplicationShutdownHook] INFO  o.s.o.j.LocalContainerEntityManagerFactoryBean - Closing JPA EntityManagerFactory for persistence unit 'default'
2025-07-03 11:53:15 [SpringApplicationShutdownHook] INFO  com.zaxxer.hikari.HikariDataSource - HikariPool-1 - Shutdown initiated...
2025-07-03 11:53:15 [SpringApplicationShutdownHook] INFO  com.zaxxer.hikari.HikariDataSource - HikariPool-1 - Shutdown completed.
